============================================================
📊 Sheets Population Cron — 2026-02-23 10:27:31
============================================================

📈 Running Consumo IA for 2026-02-23...
📊 Google Sheets Population v2 — 2026-02-23 10:27:31
============================================================

📈 CONSUMO IA — 2026-02-23
────────────────────────────────────────
⏭️  Row already exists for 2026-02-23 (row 10) — skipping

============================================================
✅ Done — 1 successful, 0 failed — 10:27:32

💓 Running Garmin Health for 2026-02-22...
📊 Google Sheets Population v2 — 2026-02-23 10:27:32
============================================================

💓 GARMIN HEALTH — 2026-02-22
──────────────────────────────────────────────────
⏭️  Row already exists for 2026-02-22 (row 9) — skipping

============================================================
✅ Done — 1 successful, 0 failed — 10:27:33

✅ Cron completed at 10:27:33
