[0;36m🏥 Health Alerts Check[0m

Error: Invalid JSON from Garmin API
Debug: Traceback (most recent call last):
  File "<stdin>", line 4, in <module>
ModuleNotFoundError: No module named 'garminconnect'
[0;36m🏥 Health Alerts Check[0m

Error: Invalid JSON from Garmin API
Debug: Traceback (most recent call last):
  File "<stdin>", line 4, in <module>
ModuleNotFoundError: No module named 'garminconnect'
[0;36m🏥 Health Alerts Check[0m

Error: Invalid JSON from Garmin API
Debug: Traceback (most recent call last):
  File "<stdin>", line 4, in <module>
ModuleNotFoundError: No module named 'garminconnect'
[0;36m🏥 Health Alerts Check[0m

Error: Invalid JSON from Garmin API
Debug: Traceback (most recent call last):
  File "<stdin>", line 4, in <module>
ModuleNotFoundError: No module named 'garminconnect'
