🏥 Daily Health Dashboard — 2026-02-25 09:00
  [1/3] Fetching Garmin metrics...
  [2/3] Checking health alerts...
  [3/3] Generating dashboard report...
jq: parse error: Invalid numeric literal at line 1, column 10
jq: parse error: Invalid numeric literal at line 1, column 10
jq: parse error: Invalid numeric literal at line 1, column 10
jq: parse error: Invalid numeric literal at line 1, column 10
jq: parse error: Invalid numeric literal at line 1, column 10
jq: parse error: Invalid numeric literal at line 1, column 10
jq: parse error: Invalid numeric literal at line 1, column 10
/home/mleon/.openclaw/workspace/scripts/health-dashboard-auto.sh: line 53: [: : integer expression expected
/home/mleon/.openclaw/workspace/scripts/health-dashboard-auto.sh: line 53: [: : integer expression expected
/home/mleon/.openclaw/workspace/scripts/health-dashboard-auto.sh: line 53: [: : integer expression expected
(standard_in) 1: syntax error
/home/mleon/.openclaw/workspace/scripts/health-dashboard-auto.sh: line 53: [: : integer expression expected
jq: parse error: Invalid numeric literal at line 1, column 10
✅ Dashboard saved: /home/mleon/.openclaw/workspace/reports/health-dashboard-2026-02-25.md
✅ Alerts JSON: /home/mleon/.openclaw/workspace/.cache/health-dashboard/alerts.json

Dashboard complete at 2026-02-25T09:00:02+01:00
🏥 Daily Health Dashboard — 2026-02-26 09:00
  [1/3] Fetching Garmin metrics...
  [2/3] Checking health alerts...
  [3/3] Generating dashboard report...
jq: parse error: Invalid numeric literal at line 1, column 10
jq: parse error: Invalid numeric literal at line 1, column 10
jq: parse error: Invalid numeric literal at line 1, column 10
jq: parse error: Invalid numeric literal at line 1, column 10
jq: parse error: Invalid numeric literal at line 1, column 10
jq: parse error: Invalid numeric literal at line 1, column 10
jq: parse error: Invalid numeric literal at line 1, column 10
/home/mleon/.openclaw/workspace/scripts/health-dashboard-auto.sh: line 53: [: : integer expression expected
/home/mleon/.openclaw/workspace/scripts/health-dashboard-auto.sh: line 53: [: : integer expression expected
/home/mleon/.openclaw/workspace/scripts/health-dashboard-auto.sh: line 53: [: : integer expression expected
(standard_in) 1: syntax error
/home/mleon/.openclaw/workspace/scripts/health-dashboard-auto.sh: line 53: [: : integer expression expected
jq: parse error: Invalid numeric literal at line 1, column 10
✅ Dashboard saved: /home/mleon/.openclaw/workspace/reports/health-dashboard-2026-02-26.md
✅ Alerts JSON: /home/mleon/.openclaw/workspace/.cache/health-dashboard/alerts.json

Dashboard complete at 2026-02-26T09:00:02+01:00
